<?xml version="1.0" encoding="UTF-8"?>
<testsuite xmlns:xsi="http://www.w3.org/2001/XMLSchema-instance" xsi:noNamespaceSchemaLocation="https://maven.apache.org/surefire/maven-surefire-plugin/xsd/surefire-test-report-3.0.xsd" version="3.0" name="com.luv2code.junitdemo.DemoUtilsTest" time="2.096" tests="10" errors="0" skipped="0" failures="0">
  <properties>
[...]
</properties>
  <testcase name="Array Equals" classname="com.luv2code.junitdemo.DemoUtilsTest" time="0.03">
    <system-out><![CDATA[BeforeEach executes before the execution of each method test
]]></system-out>
  </testcase>
  <testcase name="Equals and not Equals" classname="com.luv2code.junitdemo.DemoUtilsTest" time="0.004">
    <system-out><![CDATA[BeforeEach executes before the execution of each method test
]]></system-out>
  </testcase>
  <testcase name="Iterable equals" classname="com.luv2code.junitdemo.DemoUtilsTest" time="0.003">
    <system-out><![CDATA[BeforeEach executes before the execution of each method test
]]></system-out>
  </testcase>
  <testcase name="Lines match" classname="com.luv2code.junitdemo.DemoUtilsTest" time="0.005">
    <system-out><![CDATA[BeforeEach executes before the execution of each method test
]]></system-out>
  </testcase>
  <testcase name="Multiply" classname="com.luv2code.junitdemo.DemoUtilsTest" time="0.001">
    <system-out><![CDATA[BeforeEach executes before the execution of each method test
]]></system-out>
  </testcase>
  <testcase name="Null and not Null" classname="com.luv2code.junitdemo.DemoUtilsTest" time="0.002">
    <system-out><![CDATA[BeforeEach executes before the execution of each method test
]]></system-out>
  </testcase>
  <testcase name="Same and not same" classname="com.luv2code.junitdemo.DemoUtilsTest" time="0.002">
    <system-out><![CDATA[BeforeEach executes before the execution of each method test
]]></system-out>
  </testcase>
  <testcase name="Throws and does not throw" classname="com.luv2code.junitdemo.DemoUtilsTest" time="0.004">
    <system-out><![CDATA[BeforeEach executes before the execution of each method test
]]></system-out>
  </testcase>
  <testcase name="TimeOut" classname="com.luv2code.junitdemo.DemoUtilsTest" time="2.013">
    <system-out><![CDATA[BeforeEach executes before the execution of each method test
I am going to sleep
Sleeping over
]]></system-out>
  </testcase>
  <testcase name="True and False" classname="com.luv2code.junitdemo.DemoUtilsTest" time="0.004">
    <system-out><![CDATA[BeforeEach executes before the execution of each method test
]]></system-out>
  </testcase>
</testsuite>